c:\users\jayabapu\desktop\repository\jayanth\bootcamp\jayanth\source\library\obj\debug\libraryd.pch
c:\users\jayabapu\desktop\repository\jayanth\bootcamp\jayanth\source\library\bin\debug\libraryd.pdb
c:\users\jayabapu\desktop\repository\jayanth\bootcamp\jayanth\source\library\bin\debug\libraryd.idb
c:\users\jayabapu\desktop\repository\jayanth\bootcamp\jayanth\source\library\obj\debug\pch.obj
c:\users\jayabapu\desktop\repository\jayanth\bootcamp\jayanth\source\library\obj\debug\gameclock.obj
c:\users\jayabapu\desktop\repository\jayanth\bootcamp\jayanth\source\library\obj\debug\gamecomponent.obj
c:\users\jayabapu\desktop\repository\jayanth\bootcamp\jayanth\source\library\obj\debug\gameexception.obj
c:\users\jayabapu\desktop\repository\jayanth\bootcamp\jayanth\source\library\obj\debug\gametime.obj
c:\users\jayabapu\desktop\repository\jayanth\bootcamp\jayanth\source\library\obj\debug\grid.obj
c:\users\jayabapu\desktop\repository\jayanth\bootcamp\jayanth\source\library\obj\debug\light.obj
c:\users\jayabapu\desktop\repository\jayanth\bootcamp\jayanth\source\library\obj\debug\matrixhelper.obj
c:\users\jayabapu\desktop\repository\jayanth\bootcamp\jayanth\source\library\obj\debug\mesh.obj
c:\users\jayabapu\desktop\repository\jayanth\bootcamp\jayanth\source\library\obj\debug\model.obj
c:\users\jayabapu\desktop\repository\jayanth\bootcamp\jayanth\source\library\obj\debug\modelmaterial.obj
c:\users\jayabapu\desktop\repository\jayanth\bootcamp\jayanth\source\library\obj\debug\pointlight.obj
c:\users\jayabapu\desktop\repository\jayanth\bootcamp\jayanth\source\library\obj\debug\proxymodel.obj
c:\users\jayabapu\desktop\repository\jayanth\bootcamp\jayanth\source\library\obj\debug\servicecontainer.obj
c:\users\jayabapu\desktop\repository\jayanth\bootcamp\jayanth\source\library\obj\debug\shaderprogram.obj
c:\users\jayabapu\desktop\repository\jayanth\bootcamp\jayanth\source\library\obj\debug\skybox.obj
c:\users\jayabapu\desktop\repository\jayanth\bootcamp\jayanth\source\library\obj\debug\skyboxeffect.obj
c:\users\jayabapu\desktop\repository\jayanth\bootcamp\jayanth\source\library\obj\debug\spotlight.obj
c:\users\jayabapu\desktop\repository\jayanth\bootcamp\jayanth\source\library\obj\debug\utility.obj
c:\users\jayabapu\desktop\repository\jayanth\bootcamp\jayanth\source\library\obj\debug\variable.obj
c:\users\jayabapu\desktop\repository\jayanth\bootcamp\jayanth\source\library\obj\debug\vectorhelper.obj
c:\users\jayabapu\desktop\repository\jayanth\bootcamp\jayanth\source\library\obj\debug\basiceffect.obj
c:\users\jayabapu\desktop\repository\jayanth\bootcamp\jayanth\source\library\obj\debug\camera.obj
c:\users\jayabapu\desktop\repository\jayanth\bootcamp\jayanth\source\library\obj\debug\colorhelper.obj
c:\users\jayabapu\desktop\repository\jayanth\bootcamp\jayanth\source\library\obj\debug\directionallight.obj
c:\users\jayabapu\desktop\repository\jayanth\bootcamp\jayanth\source\library\obj\debug\drawablegamecomponent.obj
c:\users\jayabapu\desktop\repository\jayanth\bootcamp\jayanth\source\library\obj\debug\firstpersoncamera.obj
c:\users\jayabapu\desktop\repository\jayanth\bootcamp\jayanth\source\library\obj\debug\game.obj
c:\users\jayabapu\desktop\repository\jayanth\bootcamp\jayanth\source\library\obj\debug\gl3w.obj
c:\users\jayabapu\desktop\repository\jayanth\bootcamp\jayanth\source\library\bin\debug\libraryd.lib
c:\users\jayabapu\desktop\repository\jayanth\bootcamp\jayanth\source\library\obj\debug\library.tlog\cl.command.1.tlog
c:\users\jayabapu\desktop\repository\jayanth\bootcamp\jayanth\source\library\obj\debug\library.tlog\cl.read.1.tlog
c:\users\jayabapu\desktop\repository\jayanth\bootcamp\jayanth\source\library\obj\debug\library.tlog\cl.write.1.tlog
c:\users\jayabapu\desktop\repository\jayanth\bootcamp\jayanth\source\library\obj\debug\library.tlog\lib-link.read.1.tlog
c:\users\jayabapu\desktop\repository\jayanth\bootcamp\jayanth\source\library\obj\debug\library.tlog\lib-link.write.1.tlog
c:\users\jayabapu\desktop\repository\jayanth\bootcamp\jayanth\source\library\obj\debug\library.tlog\lib.command.1.tlog
